Level:[info] LogTime: [2:12:39 PM] Message:-[Star Wars server started on port 5000..]
Level:[error] LogTime: [2:12:39 PM] Message:-[An error occurred: TypeError: logger.console is not a function]
Level:[error] LogTime: [2:12:39 PM] Message:-[Unable to connect to Star Wars Fans database: TypeError: logger.console is not a function]
Level:[error] LogTime: [2:12:39 PM] Message:-[Unable to connect to Star Wars Movies database: TypeError: logger.console is not a function]
Level:[info] LogTime: [2:25:03 PM] Message:-[Star Wars server started on port 5000..]
Level:[error] LogTime: [2:25:03 PM] Message:-[Unable to connect to Star Wars Fans database: TypeError: logger.console is not a function]
Level:[error] LogTime: [2:25:03 PM] Message:-[Unable to connect to Star Wars Movies database: TypeError: logger.console is not a function]
Level:[info] LogTime: [2:25:53 PM] Message:-[Star Wars server started on port 5000..]
Level:[error] LogTime: [2:54:43 PM] Message:-[uncaughtException: logger is not defined
ReferenceError: logger is not defined
    at Server.<anonymous> (file:///C:/Users/DeinmaJosiah/Desktop/OG/Max.ng/star-wars-movie/server.js:6:5)
    at Object.onceWrapper (events.js:421:28)
    at Server.emit (events.js:315:20)
    at emitListeningNT (net.js:1347:10)
    at processTicksAndRejections (internal/process/task_queues.js:83:21)]
Level:[info] LogTime: [2:55:30 PM] Message:-[Star Wars server started on port 5000..]
Level:[error] LogTime: [2:55:30 PM] Message:-[Unable to connect to Star Wars Fans database: TypeError: logger.console is not a function]
Level:[info] LogTime: [2:56:57 PM] Message:-[Star Wars server started on port 5000..]
Level:[error] LogTime: [2:56:57 PM] Message:-[Unable to connect to Star Wars Fans database: TypeError: logger.console is not a function]
Level:[info] LogTime: [3:09:13 PM] Message:-[Star Wars server started on port 5000..]
Level:[error] LogTime: [3:09:13 PM] Message:-[Unable to connect to Star Wars Fans database: TypeError: logger.console is not a function]
Level:[error] LogTime: [3:09:13 PM] Message:-[An error occurred: ReferenceError: commentCount is not defined]
Level:[info] LogTime: [3:12:01 PM] Message:-[Star Wars server started on port 5000..]
Level:[error] LogTime: [3:12:01 PM] Message:-[Unable to connect to Star Wars Fans database: TypeError: logger.console is not a function]
Level:[error] LogTime: [3:12:01 PM] Message:-[An error occurred: ReferenceError: commentCount is not defined]
Level:[error] LogTime: [3:12:01 PM] Message:-[An error occurred: ReferenceError: commentCount is not defined]
Level:[info] LogTime: [3:13:41 PM] Message:-[Star Wars server started on port 5000..]
Level:[error] LogTime: [3:13:41 PM] Message:-[Unable to connect to Star Wars Fans database: TypeError: logger.console is not a function]
Level:[info] LogTime: [3:14:38 PM] Message:-[Star Wars server started on port 5000..]
Level:[error] LogTime: [3:14:38 PM] Message:-[Unable to connect to Star Wars Fans database: TypeError: logger.console is not a function]
Level:[info] LogTime: [3:15:58 PM] Message:-[Star Wars server started on port 5000..]
Level:[error] LogTime: [3:15:58 PM] Message:-[Unable to connect to Star Wars Fans database: TypeError: logger.console is not a function]
Level:[info] LogTime: [3:17:09 PM] Message:-[Star Wars server started on port 5000..]
Level:[error] LogTime: [3:17:09 PM] Message:-[Unable to connect to Star Wars Fans database: TypeError: logger.console is not a function]
Level:[info] LogTime: [3:17:52 PM] Message:-[Star Wars server started on port 5000..]
Level:[error] LogTime: [3:17:52 PM] Message:-[Unable to connect to Star Wars Fans database: TypeError: logger.console is not a function]
Level:[info] LogTime: [3:19:46 PM] Message:-[Star Wars server started on port 5000..]
Level:[error] LogTime: [3:19:46 PM] Message:-[Unable to connect to Star Wars Fans database: TypeError: logger.console is not a function]
Level:[error] LogTime: [3:19:46 PM] Message:-[An error occurred: MongooseError: Operation `characters.deleteMany()` buffering timed out after 10000ms]
Level:[error] LogTime: [3:19:46 PM] Message:-[An error occurred: MongooseError: Operation `movies.find()` buffering timed out after 10000ms]
Level:[error] LogTime: [3:59:35 PM] Message:-[Unable to connect to Star Wars Fans database: TypeError: _winston.default.console is not a function]
Level:[error] LogTime: [3:59:35 PM] Message:-[An error occurred: SequelizeConnectionError: Too many connections]
Level:[error] LogTime: [4:01:13 PM] Message:-[Unable to connect to Star Wars Fans database: TypeError: _winston.default.console is not a function]
Level:[error] LogTime: [4:04:17 PM] Message:-[Unable to connect to Star Wars Fans database: TypeError: _winston.default.console is not a function]
Level:[error] LogTime: [4:13:49 PM] Message:-[Unable to connect to Star Wars Fans database: TypeError: _winston.default.console is not a function]
Level:[error] LogTime: [4:17:33 PM] Message:-[Unable to connect to Star Wars Fans database: TypeError: _winston.default.console is not a function]
Level:[error] LogTime: [4:19:49 PM] Message:-[Unable to connect to Star Wars Fans database: TypeError: _winston.default.console is not a function]
Level:[error] LogTime: [4:31:39 PM] Message:-[Unable to connect to Star Wars Fans database: TypeError: _winston.default.console is not a function]
Level:[error] LogTime: [4:33:02 PM] Message:-[Unable to connect to Star Wars Fans database: TypeError: _winston.default.console is not a function]
Level:[error] LogTime: [4:33:48 PM] Message:-[Unable to connect to Star Wars Fans database: TypeError: _winston.default.console is not a function]
Level:[error] LogTime: [4:35:45 PM] Message:-[Unable to connect to Star Wars Fans database: TypeError: _winston.default.console is not a function]
Level:[error] LogTime: [4:37:04 PM] Message:-[Unable to connect to Star Wars Fans database: TypeError: _winston.default.console is not a function]
Level:[error] LogTime: [4:37:56 PM] Message:-[Unable to connect to Star Wars Fans database: TypeError: _winston.default.console is not a function]
Level:[error] LogTime: [4:39:38 PM] Message:-[Unable to connect to Star Wars Fans database: TypeError: _winston.default.console is not a function]
Level:[error] LogTime: [4:54:24 PM] Message:-[Unable to connect to Star Wars Fans database: TypeError: _winston.default.console is not a function]
Level:[error] LogTime: [4:59:42 PM] Message:-[Unable to connect to Star Wars Fans database: TypeError: _winston.default.console is not a function]
Level:[error] LogTime: [5:09:17 PM] Message:-[Unable to connect to Star Wars Fans database: TypeError: _winston.default.console is not a function]
Level:[error] LogTime: [5:10:33 PM] Message:-[Unable to connect to Star Wars Fans database: TypeError: _winston.default.console is not a function]
Level:[error] LogTime: [5:13:19 PM] Message:-[Unable to connect to Star Wars Fans database: TypeError: _winston.default.console is not a function]
Level:[error] LogTime: [5:14:38 PM] Message:-[Unable to connect to Star Wars Fans database: TypeError: _winston.default.console is not a function]
Level:[info] LogTime: [10:06:15 PM] Message:-[Star Wars server started on port 5000..]
Level:[error] LogTime: [10:06:15 PM] Message:-[An error occurred: Error: getaddrinfo ENOTFOUND swapi.dev]
Level:[error] LogTime: [10:06:15 PM] Message:-[An error occurred: Error: getaddrinfo ENOTFOUND swapi.dev]
Level:[error] LogTime: [10:06:15 PM] Message:-[An error occurred: Error: getaddrinfo ENOTFOUND swapi.dev]
Level:[error] LogTime: [10:06:15 PM] Message:-[Unable to connect to Star Wars Fans database: TypeError: logger.console is not a function]
Level:[info] LogTime: [10:13:19 PM] Message:-[Star Wars server started on port 5000..]
Level:[error] LogTime: [10:13:19 PM] Message:-[Unable to connect to Star Wars Fans database: TypeError: logger.console is not a function]
Level:[error] LogTime: [10:19:52 PM] Message:-[Unable to connect to Star Wars Fans database: TypeError: _winston.default.console is not a function]
Level:[error] LogTime: [10:29:23 PM] Message:-[Unable to connect to Star Wars Fans database: TypeError: _winston.default.console is not a function]
Level:[error] LogTime: [10:33:58 PM] Message:-[Unable to connect to Star Wars Fans database: TypeError: _winston.default.console is not a function]
Level:[error] LogTime: [10:36:59 PM] Message:-[Unable to connect to Star Wars Fans database: TypeError: _winston.default.console is not a function]
Level:[error] LogTime: [10:51:22 PM] Message:-[Unable to connect to Star Wars Fans database: TypeError: _winston.default.console is not a function]
Level:[error] LogTime: [10:57:55 PM] Message:-[Unable to connect to Star Wars Fans database: TypeError: _winston.default.console is not a function]
Level:[error] LogTime: [10:57:55 PM] Message:-[An error occurred: TypeError: Reduce of empty array with no initial value]
Level:[error] LogTime: [10:57:55 PM] Message:-[An error occurred: TypeError: Reduce of empty array with no initial value]
Level:[error] LogTime: [10:59:47 PM] Message:-[Unable to connect to Star Wars Fans database: TypeError: _winston.default.console is not a function]
Level:[error] LogTime: [10:59:47 PM] Message:-[An error occurred: TypeError: Reduce of empty array with no initial value]
Level:[error] LogTime: [10:59:47 PM] Message:-[An error occurred: TypeError: Reduce of empty array with no initial value]
Level:[error] LogTime: [11:00:47 PM] Message:-[Unable to connect to Star Wars Fans database: TypeError: _winston.default.console is not a function]
Level:[error] LogTime: [11:00:47 PM] Message:-[An error occurred: TypeError: Reduce of empty array with no initial value]
Level:[error] LogTime: [11:00:47 PM] Message:-[An error occurred: TypeError: Reduce of empty array with no initial value]
Level:[error] LogTime: [11:03:00 PM] Message:-[Unable to connect to Star Wars Fans database: TypeError: _winston.default.console is not a function]
Level:[error] LogTime: [11:04:46 PM] Message:-[Unable to connect to Star Wars Fans database: TypeError: _winston.default.console is not a function]
Level:[error] LogTime: [11:04:46 PM] Message:-[An error occurred: TypeError: Reduce of empty array with no initial value]
Level:[error] LogTime: [11:09:08 PM] Message:-[Unable to connect to Star Wars Fans database: TypeError: _winston.default.console is not a function]
Level:[error] LogTime: [11:09:08 PM] Message:-[An error occurred: TypeError: Reduce of empty array with no initial value]
Level:[error] LogTime: [11:11:28 PM] Message:-[Unable to connect to Star Wars Fans database: TypeError: _winston.default.console is not a function]
Level:[error] LogTime: [11:11:28 PM] Message:-[An error occurred: TypeError: Reduce of empty array with no initial value]
Level:[error] LogTime: [10:13:19 PM] Message:-[An error occurred: TypeError: Reduce of empty array with no initial value]
Level:[error] LogTime: [10:13:19 PM] Message:-[An error occurred: TypeError: Reduce of empty array with no initial value]
Level:[info] LogTime: [11:13:47 PM] Message:-[Star Wars server started on port 5000..]
Level:[error] LogTime: [11:13:47 PM] Message:-[Unable to connect to Star Wars Fans database: TypeError: logger.console is not a function]
Level:[error] LogTime: [11:14:57 PM] Message:-[Unable to connect to Star Wars Fans database: TypeError: _winston.default.console is not a function]
Level:[error] LogTime: [11:15:42 PM] Message:-[Unable to connect to Star Wars Fans database: TypeError: _winston.default.console is not a function]
Level:[error] LogTime: [11:16:31 PM] Message:-[Unable to connect to Star Wars Fans database: TypeError: _winston.default.console is not a function]
Level:[error] LogTime: [11:16:31 PM] Message:-[An error occurred: TypeError: Reduce of empty array with no initial value]
Level:[error] LogTime: [11:16:31 PM] Message:-[An error occurred: TypeError: Reduce of empty array with no initial value]
Level:[info] LogTime: [11:18:50 PM] Message:-[Star Wars server started on port 5000..]
Level:[error] LogTime: [11:18:50 PM] Message:-[Unable to connect to Star Wars Fans database: TypeError: logger.console is not a function]
Level:[error] LogTime: [11:19:37 PM] Message:-[Unable to connect to Star Wars Fans database: TypeError: _winston.default.console is not a function]
Level:[error] LogTime: [11:22:15 PM] Message:-[Unable to connect to Star Wars Fans database: TypeError: _winston.default.console is not a function]
Level:[error] LogTime: [11:22:15 PM] Message:-[An error occurred: TypeError: Right-hand side of 'instanceof' is not an object]
Level:[error] LogTime: [11:22:15 PM] Message:-[An error occurred: TypeError: Right-hand side of 'instanceof' is not an object]
Level:[error] LogTime: [11:25:18 PM] Message:-[Unable to connect to Star Wars Fans database: TypeError: _winston.default.console is not a function]
Level:[info] LogTime: [11:30:58 PM] Message:-[Star Wars server started on port 5000..]
Level:[error] LogTime: [11:30:58 PM] Message:-[Unable to connect to Star Wars Fans database: TypeError: logger.console is not a function]
Level:[error] LogTime: [11:35:37 PM] Message:-[Unable to connect to Star Wars Fans database: TypeError: _winston.default.console is not a function]
Level:[error] LogTime: [11:35:37 PM] Message:-[An error occurred: TypeError: Right-hand side of 'instanceof' is not an object]
Level:[error] LogTime: [11:35:37 PM] Message:-[An error occurred: TypeError: Right-hand side of 'instanceof' is not an object]
Level:[error] LogTime: [11:36:39 PM] Message:-[Unable to connect to Star Wars Fans database: TypeError: _winston.default.console is not a function]
Level:[error] LogTime: [11:36:39 PM] Message:-[An error occurred: TypeError: Right-hand side of 'instanceof' is not an object]
Level:[error] LogTime: [11:36:39 PM] Message:-[An error occurred: TypeError: Right-hand side of 'instanceof' is not an object]
Level:[error] LogTime: [11:41:30 PM] Message:-[Unable to connect to Star Wars Fans database: TypeError: _winston.default.console is not a function]
Level:[error] LogTime: [11:41:30 PM] Message:-[An error occurred: TypeError: Right-hand side of 'instanceof' is not an object]
Level:[error] LogTime: [11:41:30 PM] Message:-[An error occurred: TypeError: Right-hand side of 'instanceof' is not an object]
Level:[error] LogTime: [11:42:28 PM] Message:-[Unable to connect to Star Wars Fans database: TypeError: _winston.default.console is not a function]
Level:[error] LogTime: [11:42:28 PM] Message:-[An error occurred: TypeError: Right-hand side of 'instanceof' is not an object]
Level:[error] LogTime: [11:42:28 PM] Message:-[An error occurred: TypeError: Right-hand side of 'instanceof' is not an object]
Level:[error] LogTime: [11:43:16 PM] Message:-[Unable to connect to Star Wars Fans database: TypeError: _winston.default.console is not a function]
Level:[error] LogTime: [11:43:16 PM] Message:-[An error occurred: TypeError: Right-hand side of 'instanceof' is not an object]
Level:[error] LogTime: [11:43:16 PM] Message:-[An error occurred: TypeError: Right-hand side of 'instanceof' is not an object]
Level:[error] LogTime: [11:44:00 PM] Message:-[Unable to connect to Star Wars Fans database: TypeError: _winston.default.console is not a function]
Level:[error] LogTime: [11:44:00 PM] Message:-[An error occurred: TypeError: Right-hand side of 'instanceof' is not an object]
Level:[error] LogTime: [11:44:00 PM] Message:-[An error occurred: TypeError: Right-hand side of 'instanceof' is not an object]
Level:[error] LogTime: [11:44:43 PM] Message:-[Unable to connect to Star Wars Fans database: TypeError: _winston.default.console is not a function]
Level:[error] LogTime: [11:44:43 PM] Message:-[An error occurred: TypeError: Right-hand side of 'instanceof' is not an object]
Level:[error] LogTime: [11:44:43 PM] Message:-[An error occurred: TypeError: Right-hand side of 'instanceof' is not an object]
Level:[error] LogTime: [11:46:03 PM] Message:-[Unable to connect to Star Wars Fans database: TypeError: _winston.default.console is not a function]
Level:[error] LogTime: [11:46:03 PM] Message:-[An error occurred: TypeError: Right-hand side of 'instanceof' is not an object]
Level:[error] LogTime: [11:46:03 PM] Message:-[An error occurred: TypeError: Right-hand side of 'instanceof' is not an object]
Level:[error] LogTime: [11:47:17 PM] Message:-[Unable to connect to Star Wars Fans database: TypeError: _winston.default.console is not a function]
Level:[error] LogTime: [11:47:17 PM] Message:-[An error occurred: TypeError: Right-hand side of 'instanceof' is not an object]
Level:[error] LogTime: [11:47:17 PM] Message:-[An error occurred: TypeError: Right-hand side of 'instanceof' is not an object]
Level:[error] LogTime: [11:48:57 PM] Message:-[Unable to connect to Star Wars Fans database: TypeError: _winston.default.console is not a function]
Level:[error] LogTime: [11:48:57 PM] Message:-[An error occurred: TypeError: Right-hand side of 'instanceof' is not an object]
Level:[error] LogTime: [11:48:57 PM] Message:-[An error occurred: TypeError: Right-hand side of 'instanceof' is not an object]
Level:[error] LogTime: [11:49:51 PM] Message:-[Unable to connect to Star Wars Fans database: TypeError: _winston.default.console is not a function]
Level:[error] LogTime: [11:49:51 PM] Message:-[An error occurred: TypeError: Right-hand side of 'instanceof' is not an object]
Level:[error] LogTime: [11:49:51 PM] Message:-[An error occurred: TypeError: Right-hand side of 'instanceof' is not an object]
Level:[error] LogTime: [11:50:52 PM] Message:-[Unable to connect to Star Wars Fans database: TypeError: _winston.default.console is not a function]
Level:[error] LogTime: [11:50:52 PM] Message:-[An error occurred: TypeError: Right-hand side of 'instanceof' is not an object]
Level:[error] LogTime: [11:50:52 PM] Message:-[An error occurred: TypeError: Right-hand side of 'instanceof' is not an object]
Level:[error] LogTime: [11:51:39 PM] Message:-[Unable to connect to Star Wars Fans database: TypeError: _winston.default.console is not a function]
Level:[error] LogTime: [11:52:41 PM] Message:-[Unable to connect to Star Wars Fans database: TypeError: _winston.default.console is not a function]
Level:[error] LogTime: [11:52:41 PM] Message:-[An error occurred: TypeError: Right-hand side of 'instanceof' is not an object]
Level:[error] LogTime: [11:52:41 PM] Message:-[An error occurred: TypeError: Right-hand side of 'instanceof' is not an object]
Level:[error] LogTime: [11:53:19 PM] Message:-[Unable to connect to Star Wars Fans database: TypeError: _winston.default.console is not a function]
Level:[error] LogTime: [11:53:19 PM] Message:-[An error occurred: TypeError: Right-hand side of 'instanceof' is not an object]
Level:[error] LogTime: [11:53:19 PM] Message:-[An error occurred: TypeError: Right-hand side of 'instanceof' is not an object]
Level:[error] LogTime: [11:54:01 PM] Message:-[Unable to connect to Star Wars Fans database: TypeError: _winston.default.console is not a function]
Level:[error] LogTime: [11:54:01 PM] Message:-[An error occurred: TypeError: Right-hand side of 'instanceof' is not an object]
Level:[error] LogTime: [11:54:01 PM] Message:-[An error occurred: TypeError: Right-hand side of 'instanceof' is not an object]
Level:[error] LogTime: [11:55:08 PM] Message:-[Unable to connect to Star Wars Fans database: TypeError: _winston.default.console is not a function]
